Flow report for DigitalLock
Wed Jan 21 01:56:45 2026
Quartus II 32-bit Version 13.0.1 Build 232 06/12/2013 Service Pack 1 SJ Web Edition


---------------------
; Table of Contents ;
---------------------
  1. Legal Notice
  2. Flow Summary
  3. Flow Settings
  4. Flow Non-Default Global Settings
  5. Flow Elapsed Time
  6. Flow OS Summary
  7. Flow Log
  8. Flow Messages
  9. Flow Suppressed Messages



----------------
; Legal Notice ;
----------------
Copyright (C) 1991-2013 Altera Corporation
Your use of Altera Corporation's design tools, logic functions 
and other software and tools, and its AMPP partner logic 
functions, and any output files from any of the foregoing 
(including device programming or simulation files), and any 
associated documentation or information are expressly subject 
to the terms and conditions of the Altera Program License 
Subscription Agreement, Altera MegaCore Function License 
Agreement, or other applicable license agreement, including, 
without limitation, that your use is for the sole purpose of 
programming logic devices manufactured by Altera and sold by 
Altera or its authorized distributors.  Please refer to the 
applicable agreement for further details.



+--------------------------------------------------------------------------------------+
; Flow Summary                                                                         ;
+------------------------------------+-------------------------------------------------+
; Flow Status                        ; Flow Failed - Wed Jan 21 01:56:45 2026          ;
; Quartus II 32-bit Version          ; 13.0.1 Build 232 06/12/2013 SP 1 SJ Web Edition ;
; Revision Name                      ; DigitalLock                                     ;
; Top-level Entity Name              ; DigitalLock_top                                 ;
; Family                             ; Cyclone II                                      ;
; Device                             ; EP2C20F484C7                                    ;
; Timing Models                      ; Final                                           ;
; Total logic elements               ; N/A until Partition Merge                       ;
;     Total combinational functions  ; N/A until Partition Merge                       ;
;     Dedicated logic registers      ; N/A until Partition Merge                       ;
; Total registers                    ; N/A until Partition Merge                       ;
; Total pins                         ; N/A until Partition Merge                       ;
; Total virtual pins                 ; N/A until Partition Merge                       ;
; Total memory bits                  ; N/A until Partition Merge                       ;
; Embedded Multiplier 9-bit elements ; N/A until Partition Merge                       ;
; Total PLLs                         ; N/A until Partition Merge                       ;
+------------------------------------+-------------------------------------------------+


+-----------------------------------------+
; Flow Settings                           ;
+-------------------+---------------------+
; Option            ; Setting             ;
+-------------------+---------------------+
; Start date & time ; 01/21/2026 01:56:43 ;
; Main task         ; Compilation         ;
; Revision Name     ; DigitalLock         ;
+-------------------+---------------------+


+--------------------------------------------------------------------------------------------------------------------------------------------------------------------+
; Flow Non-Default Global Settings                                                                                                                                   ;
+-------------------------------------+---------------------------------------------------------------+---------------+---------------------------------+------------+
; Assignment Name                     ; Value                                                         ; Default Value ; Entity Name                     ; Section Id ;
+-------------------------------------+---------------------------------------------------------------+---------------+---------------------------------+------------+
; COMPILER_SIGNATURE_ID               ; 242211426213395.176895700304128                               ; --            ; --                              ; --         ;
; IP_TOOL_ENV                         ; Qsys                                                          ; --            ; --                              ; --         ;
; IP_TOOL_ENV                         ; Qsys                                                          ; --            ; DigitalLock_CPU                 ; --         ;
; IP_TOOL_ENV                         ; Qsys                                                          ; --            ; DigitalLock_HEX                 ; --         ;
; IP_TOOL_ENV                         ; Qsys                                                          ; --            ; DigitalLock_IN_RAM              ; --         ;
; IP_TOOL_ENV                         ; Qsys                                                          ; --            ; DigitalLock_JTAG_UART           ; --         ;
; IP_TOOL_ENV                         ; Qsys                                                          ; --            ; DigitalLock_KEY                 ; --         ;
; IP_TOOL_ENV                         ; Qsys                                                          ; --            ; DigitalLock_LEDG                ; --         ;
; IP_TOOL_ENV                         ; Qsys                                                          ; --            ; DigitalLock_LEDR                ; --         ;
; IP_TOOL_ENV                         ; Qsys                                                          ; --            ; DigitalLock_SW                  ; --         ;
; IP_TOOL_ENV                         ; Qsys                                                          ; --            ; DigitalLock_TIMER               ; --         ;
; IP_TOOL_ENV                         ; Qsys                                                          ; --            ; DigitalLock_addr_router         ; --         ;
; IP_TOOL_ENV                         ; Qsys                                                          ; --            ; DigitalLock_addr_router_001     ; --         ;
; IP_TOOL_ENV                         ; Qsys                                                          ; --            ; DigitalLock_cmd_xbar_demux      ; --         ;
; IP_TOOL_ENV                         ; Qsys                                                          ; --            ; DigitalLock_cmd_xbar_demux_001  ; --         ;
; IP_TOOL_ENV                         ; Qsys                                                          ; --            ; DigitalLock_cmd_xbar_mux        ; --         ;
; IP_TOOL_ENV                         ; Qsys                                                          ; --            ; DigitalLock_id_router           ; --         ;
; IP_TOOL_ENV                         ; Qsys                                                          ; --            ; DigitalLock_id_router_002       ; --         ;
; IP_TOOL_ENV                         ; Qsys                                                          ; --            ; DigitalLock_irq_mapper          ; --         ;
; IP_TOOL_ENV                         ; Qsys                                                          ; --            ; DigitalLock_rsp_xbar_demux_002  ; --         ;
; IP_TOOL_ENV                         ; Qsys                                                          ; --            ; DigitalLock_rsp_xbar_mux        ; --         ;
; IP_TOOL_ENV                         ; Qsys                                                          ; --            ; DigitalLock_rsp_xbar_mux_001    ; --         ;
; IP_TOOL_ENV                         ; Qsys                                                          ; --            ; DigitalLock_sysid               ; --         ;
; IP_TOOL_ENV                         ; Qsys                                                          ; --            ; altera_avalon_sc_fifo           ; --         ;
; IP_TOOL_ENV                         ; Qsys                                                          ; --            ; altera_merlin_master_agent      ; --         ;
; IP_TOOL_ENV                         ; Qsys                                                          ; --            ; altera_merlin_master_translator ; --         ;
; IP_TOOL_ENV                         ; Qsys                                                          ; --            ; altera_merlin_slave_agent       ; --         ;
; IP_TOOL_ENV                         ; Qsys                                                          ; --            ; altera_merlin_slave_translator  ; --         ;
; IP_TOOL_ENV                         ; Qsys                                                          ; --            ; altera_reset_controller         ; --         ;
; IP_TOOL_NAME                        ; Qsys                                                          ; --            ; --                              ; --         ;
; IP_TOOL_NAME                        ; altera_nios2_qsys                                             ; --            ; DigitalLock_CPU                 ; --         ;
; IP_TOOL_NAME                        ; altera_avalon_pio                                             ; --            ; DigitalLock_HEX                 ; --         ;
; IP_TOOL_NAME                        ; altera_avalon_onchip_memory2                                  ; --            ; DigitalLock_IN_RAM              ; --         ;
; IP_TOOL_NAME                        ; altera_avalon_jtag_uart                                       ; --            ; DigitalLock_JTAG_UART           ; --         ;
; IP_TOOL_NAME                        ; altera_avalon_pio                                             ; --            ; DigitalLock_KEY                 ; --         ;
; IP_TOOL_NAME                        ; altera_avalon_pio                                             ; --            ; DigitalLock_LEDG                ; --         ;
; IP_TOOL_NAME                        ; altera_avalon_pio                                             ; --            ; DigitalLock_LEDR                ; --         ;
; IP_TOOL_NAME                        ; altera_avalon_pio                                             ; --            ; DigitalLock_SW                  ; --         ;
; IP_TOOL_NAME                        ; altera_avalon_timer                                           ; --            ; DigitalLock_TIMER               ; --         ;
; IP_TOOL_NAME                        ; altera_merlin_router                                          ; --            ; DigitalLock_addr_router         ; --         ;
; IP_TOOL_NAME                        ; altera_merlin_router                                          ; --            ; DigitalLock_addr_router_001     ; --         ;
; IP_TOOL_NAME                        ; altera_merlin_demultiplexer                                   ; --            ; DigitalLock_cmd_xbar_demux      ; --         ;
; IP_TOOL_NAME                        ; altera_merlin_demultiplexer                                   ; --            ; DigitalLock_cmd_xbar_demux_001  ; --         ;
; IP_TOOL_NAME                        ; altera_merlin_multiplexer                                     ; --            ; DigitalLock_cmd_xbar_mux        ; --         ;
; IP_TOOL_NAME                        ; altera_merlin_router                                          ; --            ; DigitalLock_id_router           ; --         ;
; IP_TOOL_NAME                        ; altera_merlin_router                                          ; --            ; DigitalLock_id_router_002       ; --         ;
; IP_TOOL_NAME                        ; altera_irq_mapper                                             ; --            ; DigitalLock_irq_mapper          ; --         ;
; IP_TOOL_NAME                        ; altera_merlin_demultiplexer                                   ; --            ; DigitalLock_rsp_xbar_demux_002  ; --         ;
; IP_TOOL_NAME                        ; altera_merlin_multiplexer                                     ; --            ; DigitalLock_rsp_xbar_mux        ; --         ;
; IP_TOOL_NAME                        ; altera_merlin_multiplexer                                     ; --            ; DigitalLock_rsp_xbar_mux_001    ; --         ;
; IP_TOOL_NAME                        ; altera_avalon_sysid_qsys                                      ; --            ; DigitalLock_sysid               ; --         ;
; IP_TOOL_NAME                        ; altera_avalon_sc_fifo                                         ; --            ; altera_avalon_sc_fifo           ; --         ;
; IP_TOOL_NAME                        ; altera_merlin_master_agent                                    ; --            ; altera_merlin_master_agent      ; --         ;
; IP_TOOL_NAME                        ; altera_merlin_master_translator                               ; --            ; altera_merlin_master_translator ; --         ;
; IP_TOOL_NAME                        ; altera_merlin_slave_agent                                     ; --            ; altera_merlin_slave_agent       ; --         ;
; IP_TOOL_NAME                        ; altera_merlin_slave_translator                                ; --            ; altera_merlin_slave_translator  ; --         ;
; IP_TOOL_NAME                        ; altera_reset_controller                                       ; --            ; altera_reset_controller         ; --         ;
; IP_TOOL_VERSION                     ; 13.0sp1                                                       ; --            ; --                              ; --         ;
; IP_TOOL_VERSION                     ; 13.0                                                          ; --            ; DigitalLock_CPU                 ; --         ;
; IP_TOOL_VERSION                     ; 13.0.1.99.2                                                   ; --            ; DigitalLock_HEX                 ; --         ;
; IP_TOOL_VERSION                     ; 13.0.1.99.2                                                   ; --            ; DigitalLock_IN_RAM              ; --         ;
; IP_TOOL_VERSION                     ; 13.0.1.99.2                                                   ; --            ; DigitalLock_JTAG_UART           ; --         ;
; IP_TOOL_VERSION                     ; 13.0.1.99.2                                                   ; --            ; DigitalLock_KEY                 ; --         ;
; IP_TOOL_VERSION                     ; 13.0.1.99.2                                                   ; --            ; DigitalLock_LEDG                ; --         ;
; IP_TOOL_VERSION                     ; 13.0.1.99.2                                                   ; --            ; DigitalLock_LEDR                ; --         ;
; IP_TOOL_VERSION                     ; 13.0.1.99.2                                                   ; --            ; DigitalLock_SW                  ; --         ;
; IP_TOOL_VERSION                     ; 13.0.1.99.2                                                   ; --            ; DigitalLock_TIMER               ; --         ;
; IP_TOOL_VERSION                     ; 13.0                                                          ; --            ; DigitalLock_addr_router         ; --         ;
; IP_TOOL_VERSION                     ; 13.0                                                          ; --            ; DigitalLock_addr_router_001     ; --         ;
; IP_TOOL_VERSION                     ; 13.0                                                          ; --            ; DigitalLock_cmd_xbar_demux      ; --         ;
; IP_TOOL_VERSION                     ; 13.0                                                          ; --            ; DigitalLock_cmd_xbar_demux_001  ; --         ;
; IP_TOOL_VERSION                     ; 13.0                                                          ; --            ; DigitalLock_cmd_xbar_mux        ; --         ;
; IP_TOOL_VERSION                     ; 13.0                                                          ; --            ; DigitalLock_id_router           ; --         ;
; IP_TOOL_VERSION                     ; 13.0                                                          ; --            ; DigitalLock_id_router_002       ; --         ;
; IP_TOOL_VERSION                     ; 13.0                                                          ; --            ; DigitalLock_irq_mapper          ; --         ;
; IP_TOOL_VERSION                     ; 13.0                                                          ; --            ; DigitalLock_rsp_xbar_demux_002  ; --         ;
; IP_TOOL_VERSION                     ; 13.0                                                          ; --            ; DigitalLock_rsp_xbar_mux        ; --         ;
; IP_TOOL_VERSION                     ; 13.0                                                          ; --            ; DigitalLock_rsp_xbar_mux_001    ; --         ;
; IP_TOOL_VERSION                     ; 13.0                                                          ; --            ; DigitalLock_sysid               ; --         ;
; IP_TOOL_VERSION                     ; 13.0                                                          ; --            ; altera_avalon_sc_fifo           ; --         ;
; IP_TOOL_VERSION                     ; 13.0                                                          ; --            ; altera_merlin_master_agent      ; --         ;
; IP_TOOL_VERSION                     ; 13.0                                                          ; --            ; altera_merlin_master_translator ; --         ;
; IP_TOOL_VERSION                     ; 13.0                                                          ; --            ; altera_merlin_slave_agent       ; --         ;
; IP_TOOL_VERSION                     ; 13.0                                                          ; --            ; altera_merlin_slave_translator  ; --         ;
; IP_TOOL_VERSION                     ; 13.0                                                          ; --            ; altera_reset_controller         ; --         ;
; MAX_CORE_JUNCTION_TEMP              ; 85                                                            ; --            ; --                              ; --         ;
; MIN_CORE_JUNCTION_TEMP              ; 0                                                             ; --            ; --                              ; --         ;
; MISC_FILE                           ; DigitalLock/synthesis/../../DigitalLock.cmp                   ; --            ; --                              ; --         ;
; MISC_FILE                           ; DigitalLock/synthesis/../../DigitalLock.qsys                  ; --            ; --                              ; --         ;
; PARTITION_COLOR                     ; 16764057                                                      ; --            ; DigitalLock_top                 ; Top        ;
; PARTITION_FITTER_PRESERVATION_LEVEL ; PLACEMENT_AND_ROUTING                                         ; --            ; DigitalLock_top                 ; Top        ;
; PARTITION_NETLIST_TYPE              ; SOURCE                                                        ; --            ; DigitalLock_top                 ; Top        ;
; POWER_BOARD_THERMAL_MODEL           ; None (CONSERVATIVE)                                           ; --            ; --                              ; --         ;
; POWER_PRESET_COOLING_SOLUTION       ; 23 MM HEAT SINK WITH 200 LFPM AIRFLOW                         ; --            ; --                              ; --         ;
; PROJECT_OUTPUT_DIRECTORY            ; output_files                                                  ; --            ; --                              ; --         ;
; SLD_INFO                            ; QSYS_NAME DigitalLock HAS_SOPCINFO 1 GENERATION_ID 1768956207 ; --            ; --                              ; --         ;
; SOPCINFO_FILE                       ; DigitalLock/synthesis/../../DigitalLock.sopcinfo              ; --            ; --                              ; --         ;
; SYNTHESIS_ONLY_QIP                  ; On                                                            ; --            ; --                              ; --         ;
; TOP_LEVEL_ENTITY                    ; DigitalLock_top                                               ; DigitalLock   ; --                              ; --         ;
+-------------------------------------+---------------------------------------------------------------+---------------+---------------------------------+------------+


+--------------------------------------------------------------------------------------------------------------------------+
; Flow Elapsed Time                                                                                                        ;
+----------------------+--------------+-------------------------+---------------------+------------------------------------+
; Module Name          ; Elapsed Time ; Average Processors Used ; Peak Virtual Memory ; Total CPU Time (on all processors) ;
+----------------------+--------------+-------------------------+---------------------+------------------------------------+
; Analysis & Synthesis ; 00:00:03     ; 1.0                     ; 403 MB              ; 00:00:03                           ;
; Total                ; 00:00:03     ; --                      ; --                  ; 00:00:03                           ;
+----------------------+--------------+-------------------------+---------------------+------------------------------------+


+-----------------------------------------------------------------------------------+
; Flow OS Summary                                                                   ;
+----------------------+------------------+-----------+------------+----------------+
; Module Name          ; Machine Hostname ; OS Name   ; OS Version ; Processor type ;
+----------------------+------------------+-----------+------------+----------------+
; Analysis & Synthesis ; DESKTOP-R858IIK  ; Windows 7 ; 6.2        ; x86_64         ;
+----------------------+------------------+-----------+------------+----------------+


------------
; Flow Log ;
------------
quartus_map --read_settings_files=on --write_settings_files=off DigitalLock -c DigitalLock



